{"/Users/patrik/code-challenge-frontend/src/api/unsplash.jsx": {"path":"/Users/patrik/code-challenge-frontend/src/api/unsplash.jsx","statementMap":{},"fnMap":{},"branchMap":{},"s":{},"f":{},"b":{},"_coverageSchema":"1a1c01bbd47fc00a2c39e90264f33305004495a9","hash":"d6c48dac21056e3b80a2b7a7208d90079021a35b"}
,"/Users/patrik/code-challenge-frontend/src/components/App.jsx": {"path":"/Users/patrik/code-challenge-frontend/src/components/App.jsx","statementMap":{"0":{"start":{"line":6,"column":29},"end":{"line":6,"column":41}},"1":{"start":{"line":8,"column":1},"end":{"line":21,"column":8}},"2":{"start":{"line":9,"column":32},"end":{"line":19,"column":3}},"3":{"start":{"line":10,"column":3},"end":{"line":18,"column":4}},"4":{"start":{"line":11,"column":21},"end":{"line":11,"column":49}},"5":{"start":{"line":12,"column":4},"end":{"line":14,"column":5}},"6":{"start":{"line":13,"column":5},"end":{"line":13,"column":30}},"7":{"start":{"line":16,"column":4},"end":{"line":16,"column":23}},"8":{"start":{"line":20,"column":2},"end":{"line":20,"column":26}},"9":{"start":{"line":23,"column":1},"end":{"line":27,"column":3}}},"fnMap":{"0":{"name":"App","decl":{"start":{"line":5,"column":9},"end":{"line":5,"column":12}},"loc":{"start":{"line":5,"column":15},"end":{"line":28,"column":1}},"line":5},"1":{"name":"(anonymous_1)","decl":{"start":{"line":8,"column":11},"end":{"line":8,"column":12}},"loc":{"start":{"line":8,"column":17},"end":{"line":21,"column":2}},"line":8},"2":{"name":"(anonymous_2)","decl":{"start":{"line":9,"column":32},"end":{"line":9,"column":33}},"loc":{"start":{"line":9,"column":44},"end":{"line":19,"column":3}},"line":9}},"branchMap":{"0":{"loc":{"start":{"line":12,"column":4},"end":{"line":14,"column":5}},"type":"if","locations":[{"start":{"line":12,"column":4},"end":{"line":14,"column":5}},{"start":{"line":12,"column":4},"end":{"line":14,"column":5}}],"line":12}},"s":{"0":1,"1":1,"2":0,"3":0,"4":0,"5":0,"6":0,"7":0,"8":0,"9":1},"f":{"0":1,"1":0,"2":0},"b":{"0":[0,0]},"_coverageSchema":"1a1c01bbd47fc00a2c39e90264f33305004495a9","hash":"ffb29858a022b1497d1834d4006a23e53d8a8865"}
,"/Users/patrik/code-challenge-frontend/src/components/Photo/Photo.jsx": {"path":"/Users/patrik/code-challenge-frontend/src/components/Photo/Photo.jsx","statementMap":{"0":{"start":{"line":4,"column":14},"end":{"line":10,"column":1}},"1":{"start":{"line":5,"column":1},"end":{"line":9,"column":3}}},"fnMap":{"0":{"name":"(anonymous_0)","decl":{"start":{"line":4,"column":14},"end":{"line":4,"column":15}},"loc":{"start":{"line":4,"column":30},"end":{"line":10,"column":1}},"line":4}},"branchMap":{},"s":{"0":1,"1":0},"f":{"0":0},"b":{},"_coverageSchema":"1a1c01bbd47fc00a2c39e90264f33305004495a9","hash":"effcea8c1f5f16ccc47db5d9a667cd2f44fbc194"}
,"/Users/patrik/code-challenge-frontend/src/components/Photo/PhotoList.jsx": {"path":"/Users/patrik/code-challenge-frontend/src/components/Photo/PhotoList.jsx","statementMap":{"0":{"start":{"line":3,"column":18},"end":{"line":13,"column":1}},"1":{"start":{"line":4,"column":1},"end":{"line":12,"column":3}},"2":{"start":{"line":8,"column":6},"end":{"line":8,"column":75}}},"fnMap":{"0":{"name":"(anonymous_0)","decl":{"start":{"line":3,"column":18},"end":{"line":3,"column":19}},"loc":{"start":{"line":3,"column":34},"end":{"line":13,"column":1}},"line":3},"1":{"name":"(anonymous_1)","decl":{"start":{"line":7,"column":17},"end":{"line":7,"column":18}},"loc":{"start":{"line":8,"column":6},"end":{"line":8,"column":75}},"line":8}},"branchMap":{"0":{"loc":{"start":{"line":6,"column":4},"end":{"line":10,"column":8}},"type":"cond-expr","locations":[{"start":{"line":7,"column":6},"end":{"line":9,"column":8}},{"start":{"line":10,"column":6},"end":{"line":10,"column":8}}],"line":6}},"s":{"0":2,"1":1,"2":1},"f":{"0":1,"1":1},"b":{"0":[1,0]},"_coverageSchema":"1a1c01bbd47fc00a2c39e90264f33305004495a9","hash":"c683cc2491b4380399b80be6ef4c5987533f33db"}
}
